[INFO] 13:11:37:330 Game Boy/(6719:6719): Soy game-boy
[INFO] 13:11:37:331 Game Boy/(6719:6719): 
Se creo la conexion con el valor 4
[INFO] 13:11:47:475 Game Boy/(6722:6722): Soy game-boy
[INFO] 13:11:47:475 Game Boy/(6722:6722): 
Se creo la conexion con el valor 4
[INFO] 13:12:40:803 Game Boy/(6731:6731): Soy game-boy
[INFO] 13:12:40:805 Game Boy/(6731:6731): 
Se creo la conexion con el valor 4
[INFO] 13:12:48:953 Game Boy/(6737:6737): Soy game-boy
[INFO] 13:12:48:953 Game Boy/(6737:6737): 
Se creo la conexion con el valor 4
[INFO] 13:17:41:938 Game Boy/(6902:6902): Soy game-boy
[INFO] 13:17:41:939 Game Boy/(6902:6902): 
Se creo la conexion con el valor 4
[INFO] 13:18:35:722 Game Boy/(6918:6918): Soy game-boy
[INFO] 13:18:35:722 Game Boy/(6918:6918): 
Se creo la conexion con el valor 4
[INFO] 13:18:48:711 Game Boy/(6920:6920): Soy game-boy
[INFO] 13:18:48:712 Game Boy/(6920:6920): 
Se creo la conexion con el valor 4
[INFO] 13:31:32:715 Game Boy/(7215:7215): Soy game-boy
[INFO] 13:31:32:716 Game Boy/(7215:7215): 
Se creo la conexion con el valor 4
[INFO] 13:31:36:92 Game Boy/(7217:7217): Soy game-boy
[INFO] 13:31:36:93 Game Boy/(7217:7217): 
Se creo la conexion con el valor 4
[INFO] 13:49:29:36 Game Boy/(8250:8250): Soy game-boy
[INFO] 13:49:29:37 Game Boy/(8250:8250): 
Se creo la conexion con el valor 4
[INFO] 13:49:31:975 Game Boy/(8252:8252): Soy game-boy
[INFO] 13:49:31:976 Game Boy/(8252:8252): 
Se creo la conexion con el valor 4
[INFO] 13:52:24:189 Game Boy/(8365:8365): Soy game-boy
[INFO] 13:52:24:190 Game Boy/(8365:8365): 
Se creo la conexion con el valor 4
[INFO] 13:52:27:345 Game Boy/(8367:8367): Soy game-boy
[INFO] 13:52:27:346 Game Boy/(8367:8367): 
Se creo la conexion con el valor 4
[INFO] 14:10:33:646 Game Boy/(8925:8925): Soy game-boy
[INFO] 14:10:33:646 Game Boy/(8925:8925): 
Se creo la conexion con el valor 4
[INFO] 14:10:35:624 Game Boy/(8927:8927): Soy game-boy
[INFO] 14:10:35:625 Game Boy/(8927:8927): 
Se creo la conexion con el valor 4
[INFO] 14:12:29:526 Game Boy/(8997:8997): Soy game-boy
[INFO] 14:12:29:527 Game Boy/(8997:8997): 
Se creo la conexion con el valor 4
[INFO] 14:12:31:119 Game Boy/(8999:8999): Soy game-boy
[INFO] 14:12:31:119 Game Boy/(8999:8999): 
Se creo la conexion con el valor 4
[INFO] 14:19:23:515 Game Boy/(9216:9216): Soy game-boy
[INFO] 14:19:23:515 Game Boy/(9216:9216): 
Se creo la conexion con el valor 4
[INFO] 14:19:25:324 Game Boy/(9218:9218): Soy game-boy
[INFO] 14:19:25:324 Game Boy/(9218:9218): 
Se creo la conexion con el valor 4
[INFO] 14:32:02:951 Game Boy/(9766:9766): Soy game-boy
[INFO] 14:32:02:951 Game Boy/(9766:9766): 
Se creo la conexion con el valor 4
[INFO] 14:32:13:775 Game Boy/(9769:9769): Soy game-boy
[INFO] 14:32:13:775 Game Boy/(9769:9769): 
Se creo la conexion con el valor 4
[INFO] 14:32:16:485 Game Boy/(9770:9770): Soy game-boy
[INFO] 14:32:16:485 Game Boy/(9770:9770): 
Se creo la conexion con el valor 4
[INFO] 14:32:25:190 Game Boy/(9775:9775): Soy game-boy
[INFO] 14:32:25:190 Game Boy/(9775:9775): 
Se creo la conexion con el valor 4
[INFO] 14:32:27:576 Game Boy/(9777:9777): Soy game-boy
[INFO] 14:32:27:577 Game Boy/(9777:9777): 
Se creo la conexion con el valor 4
[INFO] 15:13:51:41 Game Boy/(11166:11166): Soy game-boy
[INFO] 15:13:51:42 Game Boy/(11166:11166): 
Se creo la conexion con el valor 4
[INFO] 15:13:53:22 Game Boy/(11168:11168): Soy game-boy
[INFO] 15:13:53:23 Game Boy/(11168:11168): 
Se creo la conexion con el valor 4
[INFO] 15:15:24:817 Game Boy/(11235:11235): Soy game-boy
[INFO] 15:15:24:818 Game Boy/(11235:11235): 
Se creo la conexion con el valor 4
[INFO] 15:15:27:199 Game Boy/(11237:11237): Soy game-boy
[INFO] 15:15:27:200 Game Boy/(11237:11237): 
Se creo la conexion con el valor 4
[INFO] 15:15:54:461 Game Boy/(11283:11283): Soy game-boy
[INFO] 15:15:54:462 Game Boy/(11283:11283): 
Se creo la conexion con el valor 4
[INFO] 15:16:19:664 Game Boy/(11293:11293): Soy game-boy
[INFO] 15:16:19:664 Game Boy/(11293:11293): 
Se creo la conexion con el valor 4
[INFO] 15:16:21:390 Game Boy/(11295:11295): Soy game-boy
[INFO] 15:16:21:391 Game Boy/(11295:11295): 
Se creo la conexion con el valor 4
[INFO] 15:17:08:374 Game Boy/(11353:11353): Soy game-boy
[INFO] 15:17:08:374 Game Boy/(11353:11353): 
Se creo la conexion con el valor 4
[INFO] 15:17:11:374 Game Boy/(11355:11355): Soy game-boy
[INFO] 15:17:11:374 Game Boy/(11355:11355): 
Se creo la conexion con el valor 4
[INFO] 15:17:30:492 Game Boy/(11405:11405): Soy game-boy
[INFO] 15:17:30:492 Game Boy/(11405:11405): 
Se creo la conexion con el valor 4
[INFO] 15:17:34:433 Game Boy/(11407:11407): Soy game-boy
[INFO] 15:17:34:434 Game Boy/(11407:11407): 
Se creo la conexion con el valor 4
[INFO] 15:18:06:965 Game Boy/(11453:11453): Soy game-boy
[INFO] 15:18:06:966 Game Boy/(11453:11453): 
Se creo la conexion con el valor 4
[INFO] 15:18:08:894 Game Boy/(11455:11455): Soy game-boy
[INFO] 15:18:08:895 Game Boy/(11455:11455): 
Se creo la conexion con el valor 4
[INFO] 15:23:48:351 Game Boy/(11623:11623): Soy game-boy
[INFO] 15:23:48:352 Game Boy/(11623:11623): 
Se creo la conexion con el valor 4
[INFO] 15:23:51:479 Game Boy/(11625:11625): Soy game-boy
[INFO] 15:23:51:479 Game Boy/(11625:11625): 
Se creo la conexion con el valor 4
[INFO] 15:26:02:566 Game Boy/(11704:11704): Soy game-boy
[INFO] 15:26:02:566 Game Boy/(11704:11704): 
Se creo la conexion con el valor 4
[INFO] 15:26:04:841 Game Boy/(11706:11706): Soy game-boy
[INFO] 15:26:04:842 Game Boy/(11706:11706): 
Se creo la conexion con el valor 4
[INFO] 15:26:53:416 Game Boy/(11752:11752): Soy game-boy
[INFO] 15:26:53:416 Game Boy/(11752:11752): 
Se creo la conexion con el valor 4
[INFO] 15:26:57:188 Game Boy/(11754:11754): Soy game-boy
[INFO] 15:26:57:189 Game Boy/(11754:11754): 
Se creo la conexion con el valor 4
[INFO] 15:28:41:759 Game Boy/(11892:11892): Soy game-boy
[INFO] 15:28:41:760 Game Boy/(11892:11892): 
Se creo la conexion con el valor 4
[INFO] 15:28:44:357 Game Boy/(11894:11894): Soy game-boy
[INFO] 15:28:44:357 Game Boy/(11894:11894): 
Se creo la conexion con el valor 4
[INFO] 15:29:02:447 Game Boy/(11938:11938): Soy game-boy
[INFO] 15:29:02:448 Game Boy/(11938:11938): 
Se creo la conexion con el valor 4
[INFO] 15:29:04:28 Game Boy/(11940:11940): Soy game-boy
[INFO] 15:29:04:28 Game Boy/(11940:11940): 
Se creo la conexion con el valor 4
[INFO] 15:29:40:464 Game Boy/(11980:11980): Soy game-boy
[INFO] 15:29:40:465 Game Boy/(11980:11980): 
Se creo la conexion con el valor 4
[INFO] 15:29:41:861 Game Boy/(11984:11984): Soy game-boy
[INFO] 15:29:41:861 Game Boy/(11984:11984): 
Se creo la conexion con el valor 4
[INFO] 15:32:39:444 Game Boy/(12108:12108): Soy game-boy
[INFO] 15:32:39:445 Game Boy/(12108:12108): 
Se creo la conexion con el valor 4
[INFO] 15:32:44:121 Game Boy/(12110:12110): Soy game-boy
[INFO] 15:32:44:122 Game Boy/(12110:12110): 
Se creo la conexion con el valor 4
[INFO] 15:36:09:973 Game Boy/(12192:12192): Soy game-boy
[INFO] 15:36:09:973 Game Boy/(12192:12192): 
Se creo la conexion con el valor 4
[INFO] 15:36:21:489 Game Boy/(12194:12194): Soy game-boy
[INFO] 15:36:21:490 Game Boy/(12194:12194): 
Se creo la conexion con el valor 4
[INFO] 15:36:40:493 Game Boy/(12198:12198): Soy game-boy
[INFO] 15:36:40:494 Game Boy/(12198:12198): 
Se creo la conexion con el valor 4
[INFO] 15:36:43:895 Game Boy/(12201:12201): Soy game-boy
[INFO] 15:36:43:896 Game Boy/(12201:12201): 
Se creo la conexion con el valor 4
[INFO] 15:37:51:334 Game Boy/(12275:12275): Soy game-boy
[INFO] 15:37:51:335 Game Boy/(12275:12275): 
Se creo la conexion con el valor 4
[INFO] 15:37:53:150 Game Boy/(12277:12277): Soy game-boy
[INFO] 15:37:53:151 Game Boy/(12277:12277): 
Se creo la conexion con el valor 4
[INFO] 15:38:38:865 Game Boy/(12330:12330): Soy game-boy
[INFO] 15:38:38:866 Game Boy/(12330:12330): 
Se creo la conexion con el valor 4
[INFO] 15:38:40:643 Game Boy/(12332:12332): Soy game-boy
[INFO] 15:38:40:643 Game Boy/(12332:12332): 
Se creo la conexion con el valor 4
[INFO] 15:40:08:334 Game Boy/(12419:12419): Soy game-boy
[INFO] 15:40:08:334 Game Boy/(12419:12419): 
Se creo la conexion con el valor 4
[INFO] 15:40:10:487 Game Boy/(12421:12421): Soy game-boy
[INFO] 15:40:10:488 Game Boy/(12421:12421): 
Se creo la conexion con el valor 4
[INFO] 15:41:08:518 Game Boy/(12469:12469): Soy game-boy
[INFO] 15:41:08:518 Game Boy/(12469:12469): 
Se creo la conexion con el valor 4
[INFO] 15:41:10:530 Game Boy/(12471:12471): Soy game-boy
[INFO] 15:41:10:530 Game Boy/(12471:12471): 
Se creo la conexion con el valor 4
[INFO] 15:41:45:306 Game Boy/(12516:12516): Soy game-boy
[INFO] 15:41:45:306 Game Boy/(12516:12516): 
Se creo la conexion con el valor 4
[INFO] 15:41:48:324 Game Boy/(12518:12518): Soy game-boy
[INFO] 15:41:48:325 Game Boy/(12518:12518): 
Se creo la conexion con el valor 4
[INFO] 15:42:38:18 Game Boy/(12578:12578): Soy game-boy
[INFO] 15:42:38:18 Game Boy/(12578:12578): 
Se creo la conexion con el valor 4
[INFO] 15:42:39:911 Game Boy/(12580:12580): Soy game-boy
[INFO] 15:42:39:912 Game Boy/(12580:12580): 
Se creo la conexion con el valor 4
[INFO] 15:45:40:413 Game Boy/(12680:12680): Soy game-boy
[INFO] 15:45:40:413 Game Boy/(12680:12680): 
Se creo la conexion con el valor 4
[INFO] 15:45:42:84 Game Boy/(12682:12682): Soy game-boy
[INFO] 15:45:42:84 Game Boy/(12682:12682): 
Se creo la conexion con el valor 4
[INFO] 15:46:33:860 Game Boy/(12732:12732): Soy game-boy
[INFO] 15:46:33:861 Game Boy/(12732:12732): 
Se creo la conexion con el valor 4
[INFO] 15:46:35:782 Game Boy/(12734:12734): Soy game-boy
[INFO] 15:46:35:783 Game Boy/(12734:12734): 
Se creo la conexion con el valor 4
[INFO] 15:47:07:527 Game Boy/(12781:12781): Soy game-boy
[INFO] 15:47:07:527 Game Boy/(12781:12781): 
Se creo la conexion con el valor 4
[INFO] 15:47:08:833 Game Boy/(12785:12785): Soy game-boy
[INFO] 15:47:08:833 Game Boy/(12785:12785): 
Se creo la conexion con el valor 4
[INFO] 15:48:47:432 Game Boy/(12870:12870): Soy game-boy
[INFO] 15:48:47:432 Game Boy/(12870:12870): 
Se creo la conexion con el valor 4
[INFO] 15:48:49:692 Game Boy/(12872:12872): Soy game-boy
[INFO] 15:48:49:692 Game Boy/(12872:12872): 
Se creo la conexion con el valor 4
[INFO] 15:49:52:609 Game Boy/(12929:12929): 
Se creo la conexion con el valor 4.
[INFO] 15:50:02:612 Game Boy/(12931:12931): 
Se creo la conexion con el valor 4.
[INFO] 15:51:02:931 Game Boy/(13008:13008): Se creo la conexion con el valor 4.
[INFO] 15:51:09:816 Game Boy/(13012:13012): Se creo la conexion con el valor 4.
[INFO] 15:52:34:366 Game Boy/(13094:13094): Se creo la conexion con el valor 4.
[INFO] 15:52:36:415 Game Boy/(13096:13096): Se creo la conexion con el valor 4.
[INFO] 15:52:59:20 Game Boy/(13133:13133): Se creo la conexion con el valor 4.
[INFO] 15:53:01:154 Game Boy/(13135:13135): Se creo la conexion con el valor 4.
[INFO] 15:54:19:330 Game Boy/(13199:13199): Se creo la conexion con el valor 4.
[INFO] 15:54:35:550 Game Boy/(13203:13203): Se creo la conexion con el valor 4.
[INFO] 15:54:37:212 Game Boy/(13205:13205): Se creo la conexion con el valor 4.
[INFO] 15:55:20:613 Game Boy/(13252:13252): Se creo la conexion con el valor 4.
[INFO] 15:55:23:139 Game Boy/(13254:13254): Se creo la conexion con el valor 4.
[INFO] 15:55:56:485 Game Boy/(13299:13299): Se creo la conexion con el valor 4.
[INFO] 15:55:57:931 Game Boy/(13301:13301): Se creo la conexion con el valor 4.
[INFO] 15:56:49:245 Game Boy/(13347:13347): Se creo la conexion con el valor 4.
[INFO] 15:56:50:839 Game Boy/(13349:13349): Se creo la conexion con el valor 4.
[INFO] 15:57:45:851 Game Boy/(13399:13399): Se creo la conexion con el valor 4.
[INFO] 15:57:52:752 Game Boy/(13405:13405): Se creo la conexion con el valor 4.
[INFO] 15:57:54:581 Game Boy/(13407:13407): Se creo la conexion con el valor 4.
[INFO] 15:58:40:54 Game Boy/(13460:13460): Se creo la conexion con el valor 4.
[INFO] 15:58:41:571 Game Boy/(13462:13462): Se creo la conexion con el valor 4.
[INFO] 15:59:04:644 Game Boy/(13509:13509): Se creo la conexion con el valor 4.
[INFO] 16:00:28:8 Game Boy/(13569:13569): Se creo la conexion con el valor 4.
[INFO] 16:00:31:139 Game Boy/(13571:13571): Se creo la conexion con el valor 4.
[INFO] 16:01:52:745 Game Boy/(13684:13684): Se creo la conexion con el valor 4.
[INFO] 16:01:55:493 Game Boy/(13686:13686): Se creo la conexion con el valor 4.
[INFO] 16:02:54:220 Game Boy/(13751:13751): Se creo la conexion con el valor 4.
[INFO] 16:02:56:779 Game Boy/(13753:13753): Se creo la conexion con el valor 4.
[INFO] 16:06:18:83 Game Boy/(13845:13845): Se creó la conexión con el valor 4.
[INFO] 16:06:19:620 Game Boy/(13847:13847): Se creó la conexión con el valor 4.
[INFO] 16:08:52:541 Game Boy/(13925:13925): Se creó la conexión con el valor 4.
[INFO] 16:08:54:571 Game Boy/(13927:13927): Se creó la conexión con el valor 4.
[INFO] 16:11:56:693 Game Boy/(14013:14013): Se creó la conexión con el valor 4.
[INFO] 16:12:44:220 Game Boy/(24466:24466): Se creó la conexión con el valor 4.
[INFO] 16:12:46:744 Game Boy/(24468:24468): Se creó la conexión con el valor 4.
[INFO] 16:13:34:502 Game Boy/(24514:24514): Se creó la conexión con el valor 4.
[INFO] 16:13:36:115 Game Boy/(24516:24516): Se creó la conexión con el valor 4.
[INFO] 16:14:03:404 Game Boy/(24562:24562): Se creó la conexión con el valor 4.
[INFO] 16:14:11:898 Game Boy/(24569:24569): Se creó la conexión con el valor 4.
[INFO] 16:14:14:99 Game Boy/(24571:24571): Se creó la conexión con el valor 4.
[INFO] 16:14:40:844 Game Boy/(24612:24612): Se creó la conexión con el valor 4.
[INFO] 16:14:42:402 Game Boy/(24615:24615): Se creó la conexión con el valor 4.
[INFO] 16:15:08:558 Game Boy/(24655:24655): Se creó la conexión con el valor 4.
[INFO] 16:15:19:960 Game Boy/(24662:24662): Se creó la conexión con el valor 4.
[INFO] 16:15:21:697 Game Boy/(24664:24664): Se creó la conexión con el valor 4.
[INFO] 16:16:29:151 Game Boy/(24711:24711): Se creó la conexión con el valor 4.
[INFO] 16:16:30:792 Game Boy/(24714:24714): Se creó la conexión con el valor 4.
[INFO] 16:17:02:435 Game Boy/(24755:24755): Se creó la conexión con el valor 4.
[INFO] 16:17:04:148 Game Boy/(24762:24762): Se creó la conexión con el valor 4.
[INFO] 16:17:26:697 Game Boy/(24807:24807): Se creó la conexión con el valor 4.
[INFO] 16:17:27:878 Game Boy/(24809:24809): Se creó la conexión con el valor 4.
[INFO] 16:18:01:244 Game Boy/(24851:24851): Se creó la conexión con el valor 4.
[INFO] 16:18:02:600 Game Boy/(24854:24854): Se creó la conexión con el valor 4.
[INFO] 16:19:01:213 Game Boy/(24904:24904): Se creó la conexión con el valor 4.
[INFO] 16:19:02:392 Game Boy/(24906:24906): Se creó la conexión con el valor 4.
[INFO] 16:20:09:996 Game Boy/(24958:24958): Se creó la conexión con el valor 4.
[INFO] 16:20:11:107 Game Boy/(24960:24960): Se creó la conexión con el valor 4.
[INFO] 16:20:31:407 Game Boy/(25007:25007): Se creó la conexión con el valor 4.
[INFO] 16:20:32:894 Game Boy/(25009:25009): Se creó la conexión con el valor 4.
[INFO] 16:20:56:774 Game Boy/(25056:25056): Se creó la conexión con el valor 4.
[INFO] 16:20:58:39 Game Boy/(25058:25058): Se creó la conexión con el valor 4.
[INFO] 16:21:25:554 Game Boy/(25101:25101): Se creó la conexión con el valor 4.
[INFO] 16:21:27:357 Game Boy/(25103:25103): Se creó la conexión con el valor 4.
[INFO] 16:21:55:966 Game Boy/(25148:25148): Se creó la conexión con el valor 4.
[INFO] 16:21:57:425 Game Boy/(25150:25150): Se creó la conexión con el valor 4.
[INFO] 16:22:46:978 Game Boy/(25207:25207): Se creó la conexión con el valor 4.
[INFO] 16:22:48:844 Game Boy/(25209:25209): Se creó la conexión con el valor 4.
[INFO] 16:23:33:393 Game Boy/(25251:25251): Se creó la conexión con el valor 4.
[INFO] 16:23:34:820 Game Boy/(25253:25253): Se creó la conexión con el valor 4.
[INFO] 16:24:51:630 Game Boy/(25322:25322): Se creó la conexión con el valor 4.
[INFO] 16:24:53:160 Game Boy/(25325:25325): Se creó la conexión con el valor 4.
[INFO] 16:25:18:9 Game Boy/(25371:25371): Se creó la conexión con el valor 4.
[INFO] 16:25:19:284 Game Boy/(25373:25373): Se creó la conexión con el valor 4.
[INFO] 16:25:38:409 Game Boy/(25413:25413): Se creó la conexión con el valor 4.
[INFO] 16:25:40:444 Game Boy/(25415:25415): Se creó la conexión con el valor 4.
[INFO] 16:26:17:576 Game Boy/(25499:25499): Se creó la conexión con el valor 4.
[INFO] 16:26:19:113 Game Boy/(25501:25501): Se creó la conexión con el valor 4.
[INFO] 16:26:47:763 Game Boy/(25539:25539): Se creó la conexión con el valor 4.
[INFO] 16:26:49:113 Game Boy/(25541:25541): Se creó la conexión con el valor 4.
[INFO] 16:27:59:386 Game Boy/(25595:25595): Se creó la conexión con el valor 4.
[INFO] 16:28:00:588 Game Boy/(25597:25597): Se creó la conexión con el valor 4.
[INFO] 16:28:28:181 Game Boy/(25636:25636): Se creó la conexión con el valor 4.
[INFO] 16:28:29:661 Game Boy/(25638:25638): Se creó la conexión con el valor 4.
[INFO] 16:34:53:802 Game Boy/(25833:25833): Se creó la conexión con el valor 4.
[INFO] 16:34:55:798 Game Boy/(25835:25835): Se creó la conexión con el valor 4.
[INFO] 16:35:32:862 Game Boy/(25919:25919): Se creó la conexión con el valor 4.
[INFO] 16:35:34:433 Game Boy/(25921:25921): Se creó la conexión con el valor 4.
[INFO] 16:36:43:878 Game Boy/(25979:25979): Se creó la conexión con el valor 4.
[INFO] 16:36:51:118 Game Boy/(25985:25985): Se creó la conexión con el valor 4.
[INFO] 16:36:53:214 Game Boy/(25987:25987): Se creó la conexión con el valor 4.
[INFO] 16:37:47:111 Game Boy/(26043:26043): Se creó la conexión con el valor 4.
[INFO] 16:37:48:432 Game Boy/(26045:26045): Se creó la conexión con el valor 4.
[INFO] 16:38:19:388 Game Boy/(26093:26093): Se creó la conexión con el valor 4.
[INFO] 16:38:20:763 Game Boy/(26095:26095): Se creó la conexión con el valor 4.
[INFO] 16:38:48:48 Game Boy/(26142:26142): Se creó la conexión con el valor 4.
[INFO] 16:38:55:3 Game Boy/(26149:26149): Se creó la conexión con el valor 4.
[INFO] 16:38:56:248 Game Boy/(26151:26151): Se creó la conexión con el valor 4.
[INFO] 16:39:28:730 Game Boy/(26195:26195): Se creó la conexión con el valor 4.
[INFO] 16:39:30:332 Game Boy/(26197:26197): Se creó la conexión con el valor 4.
[INFO] 16:39:46:331 Game Boy/(26236:26236): Se creó la conexión con el valor 4.
[INFO] 16:39:47:317 Game Boy/(26238:26238): Se creó la conexión con el valor 4.
[INFO] 16:40:37:615 Game Boy/(26286:26286): Se creó la conexión con el valor 4.
[INFO] 16:40:38:619 Game Boy/(26288:26288): Se creó la conexión con el valor 4.
[INFO] 16:40:57:352 Game Boy/(26327:26327): Se creó la conexión con el valor 4.
[INFO] 16:40:58:297 Game Boy/(26329:26329): Se creó la conexión con el valor 4.
[INFO] 16:41:23:287 Game Boy/(26376:26376): Se creó la conexión con el valor 4.
[INFO] 16:41:24:594 Game Boy/(26378:26378): Se creó la conexión con el valor 4.
[INFO] 16:44:39:895 Game Boy/(26484:26484): Se creó la conexión con el valor 4.
[INFO] 16:44:41:417 Game Boy/(26486:26486): Se creó la conexión con el valor 4.
[INFO] 16:45:16:155 Game Boy/(26527:26527): Se creó la conexión con el valor 4.
[INFO] 16:45:17:598 Game Boy/(26529:26529): Se creó la conexión con el valor 4.
[INFO] 16:46:10:337 Game Boy/(26581:26581): Se creó la conexión con el valor 4.
[INFO] 16:46:11:445 Game Boy/(26583:26583): Se creó la conexión con el valor 4.
[INFO] 16:46:30:965 Game Boy/(26624:26624): Se creó la conexión con el valor 4.
[INFO] 16:46:33:7 Game Boy/(26626:26626): Se creó la conexión con el valor 4.
[INFO] 16:47:02:791 Game Boy/(26676:26676): Se creó la conexión con el valor 4.
[INFO] 16:47:03:856 Game Boy/(26682:26682): Se creó la conexión con el valor 4.
[INFO] 16:47:39:405 Game Boy/(26727:26727): Se creó la conexión con el valor 4.
[INFO] 16:47:41:24 Game Boy/(26729:26729): Se creó la conexión con el valor 4.
[INFO] 16:49:02:640 Game Boy/(26789:26789): Se creó la conexión con el valor 4.
[INFO] 16:49:03:945 Game Boy/(26791:26791): Se creó la conexión con el valor 4.
[INFO] 16:49:45:846 Game Boy/(26847:26847): Se creó la conexión con el valor 4.
[INFO] 16:49:47:446 Game Boy/(26850:26850): Se creó la conexión con el valor 4.
[INFO] 16:50:14:33 Game Boy/(26891:26891): Se creó la conexión con el valor 4.
[INFO] 16:50:15:305 Game Boy/(26896:26896): Se creó la conexión con el valor 4.
[INFO] 16:50:41:944 Game Boy/(26938:26938): Se creó la conexión con el valor 4.
[INFO] 16:50:43:183 Game Boy/(26941:26941): Se creó la conexión con el valor 4.
[INFO] 16:56:28:698 Game Boy/(27029:27029): Se creó la conexión con el valor 4.
[INFO] 16:56:31:374 Game Boy/(27032:27032): Se creó la conexión con el valor 4.
[INFO] 16:57:15:523 Game Boy/(27085:27085): Se creó la conexión con el valor 4.
[INFO] 16:57:17:35 Game Boy/(27087:27087): Se creó la conexión con el valor 4.
[INFO] 16:58:14:294 Game Boy/(27133:27133): Se creó la conexión con el valor 4.
[INFO] 16:58:15:557 Game Boy/(27137:27137): Se creó la conexión con el valor 4.
[INFO] 16:58:45:630 Game Boy/(27183:27183): Se creó la conexión con el valor 4.
[INFO] 16:58:47:61 Game Boy/(27185:27185): Se creó la conexión con el valor 4.
[INFO] 16:59:07:213 Game Boy/(27223:27223): Se creó la conexión con el valor 4.
[INFO] 16:59:08:676 Game Boy/(27225:27225): Se creó la conexión con el valor 4.
[INFO] 16:59:37:490 Game Boy/(27266:27266): Se creó la conexión con el valor 4.
[INFO] 16:59:38:884 Game Boy/(27268:27268): Se creó la conexión con el valor 4.
[INFO] 17:09:23:628 Game Boy/(27443:27443): Se creó la conexión con el valor 4.
[INFO] 17:09:24:993 Game Boy/(27445:27445): Se creó la conexión con el valor 4.
[INFO] 17:10:11:207 Game Boy/(27484:27484): Se creó la conexión con el valor 4.
[INFO] 17:10:12:320 Game Boy/(27486:27486): Se creó la conexión con el valor 4.
[INFO] 17:10:49:798 Game Boy/(27537:27537): Se creó la conexión con el valor 4.
[INFO] 17:10:52:123 Game Boy/(27540:27540): Se creó la conexión con el valor 4.
[INFO] 17:11:10:563 Game Boy/(27574:27574): Se creó la conexión con el valor 4.
[INFO] 17:11:12:46 Game Boy/(27576:27576): Se creó la conexión con el valor 4.
[INFO] 17:11:34:747 Game Boy/(27615:27615): Se creó la conexión con el valor 4.
[INFO] 17:11:37:230 Game Boy/(27617:27617): Se creó la conexión con el valor 4.
[INFO] 17:12:21:796 Game Boy/(27663:27663): Se creó la conexión con el valor 4.
[INFO] 17:12:28:486 Game Boy/(27669:27669): Se creó la conexión con el valor 4.
[INFO] 17:12:30:219 Game Boy/(27671:27671): Se creó la conexión con el valor 4.
[INFO] 17:25:02:306 Game Boy/(28087:28087): Se creó la conexión con el valor 4.
[INFO] 17:25:50:968 Game Boy/(28097:28097): Se creó la conexión con el valor 4.
[INFO] 17:27:07:317 Game Boy/(28137:28137): Se creó la conexión con el valor 4.
[INFO] 17:27:10:156 Game Boy/(28139:28139): Se creó la conexión con el valor 4.
[INFO] 17:27:18:516 Game Boy/(28143:28143): Se creó la conexión con el valor 4.
[INFO] 17:27:25:754 Game Boy/(28147:28147): Se creó la conexión con el valor 4.
[INFO] 17:28:18:865 Game Boy/(28195:28195): Se creó la conexión con el valor 4.
[INFO] 17:28:29:888 Game Boy/(28198:28198): Se creó la conexión con el valor 4.
[INFO] 17:29:09:511 Game Boy/(28207:28207): Se creó la conexión con el valor 4.
[INFO] 17:29:36:799 Game Boy/(28213:28213): Se creó la conexión con el valor 4.
[INFO] 17:29:49:675 Game Boy/(28215:28215): Se creó la conexión con el valor 4.
[INFO] 17:29:55:992 Game Boy/(28219:28219): Se creó la conexión con el valor 4.
[INFO] 17:30:35:241 Game Boy/(28225:28225): Se creó la conexión con el valor 4.
[INFO] 17:30:37:96 Game Boy/(28227:28227): Se creó la conexión con el valor 4.
[INFO] 17:31:06:735 Game Boy/(28234:28234): Se creó la conexión con el valor 4.
[INFO] 17:31:17:112 Game Boy/(28238:28238): Se creó la conexión con el valor 4.
[INFO] 17:31:35:428 Game Boy/(28242:28242): Se creó la conexión con el valor 4.
[INFO] 17:31:48:891 Game Boy/(28245:28245): Se creó la conexión con el valor 4.
[INFO] 17:31:52:487 Game Boy/(28247:28247): Se creó la conexión con el valor 4.
[INFO] 17:37:22:149 Game Boy/(28426:28426): Se creó la conexión con el valor 4.
[INFO] 17:38:58:842 Game Boy/(28489:28489): Se creó la conexión con el valor 4.
[INFO] 17:39:24:416 Game Boy/(28505:28505): Se creó la conexión con el valor 4.
[INFO] 17:40:10:888 Game Boy/(28549:28549): Se creó la conexión con el valor 4.
[INFO] 17:40:23:604 Game Boy/(28567:28567): Se creó la conexión con el valor 4.
