[INFO] 12:44:09:681 Log de team/(11024:11024): Soy un log
[INFO] 12:44:24:309 Log de team/(11060:11060): Soy un log
[INFO] 12:47:26:653 Log de team/(11165:11165): Soy un log
[INFO] 12:48:28:8 Log de team/(11246:11246): Soy un log
[INFO] 12:49:17:704 Log de team/(11305:11305): Soy un log
[INFO] 12:50:27:645 Log de team/(11370:11370): Soy un log
[INFO] 12:50:47:306 Log de team/(11408:11408): Soy un log
[INFO] 23:30:36:51 Log de team/(5145:5145): Soy un log
[INFO] 23:43:21:412 Log de team/(5583:5583): Soy un log
[INFO] 23:44:35:177 Log de team/(5662:5662): Soy un log
[INFO] 23:46:33:953 Log de team/(5696:5696): Soy un log
[INFO] 23:48:20:308 Log de team/(6009:6009): Soy un log
[INFO] 23:50:05:586 Log de team/(5873:5873): Soy un log
[INFO] 00:07:39:590 Log de team/(6190:6190): Soy un log
[INFO] 03:08:16:578 Log de team/(10518:10518): Soy un log
[INFO] 22:51:21:984 Log de team/(5223:5223): Soy un log
[INFO] 22:52:34:512 Log de team/(5329:5329): Soy un log
[INFO] 22:54:15:703 Log de team/(5467:5467): Soy un log
[INFO] 22:54:31:451 Log de team/(5509:5509): Soy un log
[INFO] 22:55:03:516 Log de team/(5569:5569): Soy un log
[INFO] 22:55:45:744 Log de team/(5710:5710): Soy un log
[INFO] 00:31:35:82 Log de team/(10942:10942): Soy un log
[INFO] 00:34:00:641 Log de team/(11062:11062): Soy un log
[INFO] 00:36:24:825 Log de team/(11209:11209): Soy un log
[INFO] 00:57:10:760 Log de team/(12270:12270): Soy un log
[INFO] 21:03:04:737 Log de team/(13728:13728): Soy un log
[INFO] 18:54:25:543 Log de team/(4308:4314): Soy el entrenador 2 y me movi hasta la posicion (4, 5) de un pokemon.
[INFO] 18:57:57:635 Log de team/(4377:4394): Soy el entrenador 3 y me movi hasta la posicion (4, 5) de un pokemon.
[INFO] 21:09:24:175 Log de team/(8426:8589): Soy el entrenador 3 y me movi hasta la posicion (4, 5) de un pokemon.
[INFO] 21:09:29:910 Log de team/(8426:8586): Soy el entrenador 2 y me movi hasta la posicion (1, 8) de un pokemon.
[INFO] 21:09:29:910 Log de team/(8426:8582): Soy el entrenador 1 y me movi hasta la posicion (6, 2) de un pokemon.
[INFO] 01:57:37:946 Log de team/(12962:12977): Soy el entrenador 3 y me movi hasta la posicion (4, 5) de un pokemon.
[INFO] 02:53:19:504 Log de team/(15011:15022): Soy el entrenador 3 y me movi hasta la posicion (4, 5) de un pokemon.
[INFO] 02:55:49:485 Log de team/(15011:15021): Soy el entrenador 2 y me movi hasta la posicion (1, 8) de un pokemon.
[INFO] 02:33:17:723 Log de team/(4042:4064): Soy el entrenador 3 y me movi hasta la posicion (4, 5) de un pokemon.
[INFO] 02:33:17:738 Log de team/(4042:4063): Soy el entrenador 2 y me movi hasta la posicion (1, 8) de un pokemon.
[INFO] 02:33:17:739 Log de team/(4042:4062): Soy el entrenador 1 y me movi hasta la posicion (6, 2) de un pokemon.
[INFO] 02:33:17:740 Log de team/(4042:4063): Soy el entrenador 2 y me movi hasta la posicion (9, 2) de un pokemon.
[INFO] 02:33:17:741 Log de team/(4042:4042): Empieza a solucionar deadlock.
[INFO] 02:33:17:741 Log de team/(4042:4064): Se detecto deadlock entre entrenador 3 y 1
[INFO] 02:33:17:742 Log de team/(4042:4064): Soy el entrenador 3 y me movi hasta la posicion (6, 2) de un entrenador.
[INFO] 02:33:17:742 Log de team/(4042:4064): Soy el entrenador 3, intercambio con entrenador 1. Le doy a Pikachu y me da a Squirtle.
[INFO] 02:33:17:743 Log de team/(4042:4042): Empieza a solucionar deadlock.
[INFO] 02:33:17:743 Log de team/(4042:4042): Soy el ultimo entrenador de deadlock por lo tanto ya tengo todos los que necesito.
[INFO] 02:33:17:743 Log de team/(4042:4042): Ciclos totales 33.
[INFO] 02:34:46:626 Log de team/(4112:4123): Soy el entrenador 3 y me movi hasta la posicion (4, 5) de un pokemon.
[INFO] 02:34:46:627 Log de team/(4112:4122): Soy el entrenador 2 y me movi hasta la posicion (1, 8) de un pokemon.
[INFO] 02:34:46:628 Log de team/(4112:4121): Soy el entrenador 1 y me movi hasta la posicion (6, 2) de un pokemon.
[INFO] 02:34:46:630 Log de team/(4112:4122): Soy el entrenador 2 y me movi hasta la posicion (9, 2) de un pokemon.
[INFO] 02:34:46:631 Log de team/(4112:4112): Empieza a solucionar deadlock.
[INFO] 02:34:46:632 Log de team/(4112:4123): Se detecto deadlock entre entrenador 3 y 1
[INFO] 02:34:46:632 Log de team/(4112:4123): Soy el entrenador 3 y me movi hasta la posicion (6, 2) de un entrenador.
[INFO] 02:34:46:632 Log de team/(4112:4123): Soy el entrenador 3, intercambio con entrenador 1. Le doy a Pikachu y me da a Squirtle.
[INFO] 02:34:46:633 Log de team/(4112:4112): Empieza a solucionar deadlock.
[INFO] 02:34:46:633 Log de team/(4112:4112): Soy el ultimo entrenador de deadlock por lo tanto ya tengo todos los que necesito.
[INFO] 02:34:46:635 Log de team/(4112:4112): Ciclos totales 33.
[INFO] 02:35:16:312 Log de team/(4166:4177): Soy el entrenador 3 y me movi hasta la posicion (4, 5) de un pokemon.
[INFO] 02:35:16:313 Log de team/(4166:4176): Soy el entrenador 2 y me movi hasta la posicion (1, 8) de un pokemon.
[INFO] 02:35:16:313 Log de team/(4166:4175): Soy el entrenador 1 y me movi hasta la posicion (6, 2) de un pokemon.
[INFO] 02:35:16:314 Log de team/(4166:4176): Soy el entrenador 2 y me movi hasta la posicion (9, 2) de un pokemon.
[INFO] 02:35:16:315 Log de team/(4166:4166): Empieza a solucionar deadlock.
[INFO] 02:35:16:316 Log de team/(4166:4177): Se detecto deadlock entre entrenador 3 y 1
[INFO] 02:35:16:316 Log de team/(4166:4177): Soy el entrenador 3 y me movi hasta la posicion (6, 2) de un entrenador.
[INFO] 02:35:16:316 Log de team/(4166:4177): Soy el entrenador 3, intercambio con entrenador 1. Le doy a Pikachu y me da a Squirtle.
[INFO] 02:35:16:317 Log de team/(4166:4166): Empieza a solucionar deadlock.
[INFO] 02:35:16:317 Log de team/(4166:4166): Soy el ultimo entrenador de deadlock por lo tanto ya tengo todos los que necesito.
[INFO] 02:35:16:320 Log de team/(4166:4166): Ciclos totales 33.
[INFO] 04:22:30:114 Log de team/(26933:26958): Soy el entrenador 3 y me movi hasta la posicion (4, 5) de un pokemon.
[INFO] 04:23:15:538 Log de team/(26933:26957): Soy el entrenador 2 y me movi hasta la posicion (1, 8) de un pokemon.
[INFO] 04:23:19:485 Log de team/(26933:26956): Soy el entrenador 1 y me movi hasta la posicion (6, 2) de un pokemon.
[INFO] 19:44:11:22 Log de team/(5044:5055): Soy el entrenador 3 y me movi hasta la posicion (4, 5) de un pokemon.
[INFO] 20:09:08:37 Log de team/(6179:6196): Soy el entrenador 3 y me movi hasta la posicion (4, 5) de un pokemon.
[INFO] 20:09:08:50 Log de team/(6179:6195): Soy el entrenador 2 y me movi hasta la posicion (1, 8) de un pokemon.
[INFO] 20:09:08:50 Log de team/(6179:6194): Soy el entrenador 1 y me movi hasta la posicion (6, 2) de un pokemon.
[INFO] 20:51:09:735 Log de team/(20007:20032): Soy el entrenador 3 y me movi hasta la posicion (4, 5) de un pokemon.
[INFO] 20:51:59:339 Log de team/(20007:20031): Soy el entrenador 2 y me movi hasta la posicion (1, 8) de un pokemon.
[INFO] 20:53:11:493 Log de team/(20007:20030): Soy el entrenador 1 y me movi hasta la posicion (6, 2) de un pokemon.
[INFO] 20:55:05:183 Log de team/(20007:20031): Soy el entrenador 2 y me movi hasta la posicion (9, 2) de un pokemon.
[INFO] 20:55:51:708 Log de team/(20007:20007): Empieza a solucionar deadlock.
[INFO] 20:55:51:709 Log de team/(20007:20032): Se detecto deadlock entre entrenador 3 y 1
[INFO] 20:55:51:710 Log de team/(20007:20032): Soy el entrenador 3 y me movi hasta la posicion (6, 2) de un entrenador.
[INFO] 20:55:51:710 Log de team/(20007:20032): Soy el entrenador 3, intercambio con entrenador 1. Le doy a Pikachu y me da a Squirtle.
[INFO] 20:55:51:713 Log de team/(20007:20007): Empieza a solucionar deadlock.
[INFO] 20:55:51:713 Log de team/(20007:20007): Soy el ultimo entrenador de deadlock por lo tanto ya tengo todos los que necesito.
[INFO] 20:55:51:714 Log de team/(20007:20007): Ciclos totales 33.
[INFO] 20:57:25:294 Log de team/(20347:20361): Soy el entrenador 3 y me movi hasta la posicion (4, 5) de un pokemon.
[INFO] 20:57:36:326 Log de team/(20347:20360): Soy el entrenador 2 y me movi hasta la posicion (1, 8) de un pokemon.
[INFO] 20:57:39:424 Log de team/(20347:20359): Soy el entrenador 1 y me movi hasta la posicion (6, 2) de un pokemon.
[INFO] 21:00:28:748 Log de team/(20347:20360): Soy el entrenador 2 y me movi hasta la posicion (9, 2) de un pokemon.
[INFO] 00:31:30:317 Log de team/(22892:22911): Soy el entrenador 3 y me movi hasta la posicion (4, 5) de un pokemon.
[INFO] 00:31:39:684 Log de team/(22892:22910): Soy el entrenador 2 y me movi hasta la posicion (1, 8) de un pokemon.
[INFO] 00:31:42:664 Log de team/(22892:22909): Soy el entrenador 1 y me movi hasta la posicion (6, 2) de un pokemon.
[INFO] 00:35:57:304 Log de team/(22892:22910): Soy el entrenador 2 y me movi hasta la posicion (9, 2) de un pokemon.
[INFO] 01:09:21:763 Log de team/(24020:24044): Soy el entrenador 3 y me movi hasta la posicion (4, 5) de un pokemon.
[INFO] 01:09:21:807 Log de team/(24020:24043): Soy el entrenador 2 y me movi hasta la posicion (1, 8) de un pokemon.
[INFO] 01:09:21:814 Log de team/(24020:24042): Soy el entrenador 1 y me movi hasta la posicion (6, 2) de un pokemon.
[INFO] 01:12:08:556 Log de team/(24020:24043): Soy el entrenador 2 y me movi hasta la posicion (9, 2) de un pokemon.
[INFO] 01:55:44:719 Log de team/(21966:21993): Soy el entrenador 1 y me movi hasta la posicion (1, 1) de un pokemon.
[INFO] 01:56:05:728 Log de team/(21966:21995): Soy el entrenador 3 y me movi hasta la posicion (4, 5) de un pokemon.
[INFO] 01:56:09:365 Log de team/(21966:21994): Soy el entrenador 2 y me movi hasta la posicion (1, 8) de un pokemon.
[INFO] 01:56:54:929 Log de team/(21966:21994): Soy el entrenador 2 y me movi hasta la posicion (6, 2) de un pokemon.
[INFO] 05:20:24:750 Log de team/(30828:30851): Soy el entrenador 3 y me movi hasta la posicion (4, 5) de un pokemon.
[INFO] 00:37:58:686 Log de team/(11494:11512): Soy el entrenador 3 y me movi hasta la posicion (4, 5) de un pokemon.
[INFO] 00:37:58:716 Log de team/(11494:11511): Soy el entrenador 2 y me movi hasta la posicion (1, 8) de un pokemon.
[INFO] 00:37:58:718 Log de team/(11494:11509): Soy el entrenador 1 y me movi hasta la posicion (6, 2) de un pokemon.
[INFO] 00:38:32:200 Log de team/(11494:11511): Soy el entrenador 2 y me movi hasta la posicion (9, 2) de un pokemon.
[INFO] 00:41:38:355 Log de team/(11594:11614): Soy el entrenador 3 y me movi hasta la posicion (4, 5) de un pokemon.
[INFO] 00:41:38:382 Log de team/(11594:11612): Soy el entrenador 2 y me movi hasta la posicion (1, 8) de un pokemon.
[INFO] 00:41:38:384 Log de team/(11594:11609): Soy el entrenador 1 y me movi hasta la posicion (6, 2) de un pokemon.
[INFO] 00:43:11:516 Log de team/(11672:11683): Soy el entrenador 3 y me movi hasta la posicion (4, 5) de un pokemon.
[INFO] 00:43:11:522 Log de team/(11672:11681): Soy el entrenador 2 y me movi hasta la posicion (1, 8) de un pokemon.
[INFO] 00:43:11:525 Log de team/(11672:11680): Soy el entrenador 1 y me movi hasta la posicion (6, 2) de un pokemon.
[INFO] 00:43:48:89 Log de team/(11672:11681): Soy el entrenador 2 y me movi hasta la posicion (9, 2) de un pokemon.
[INFO] 02:21:13:844 Log de team/(14373:14390): Soy el entrenador 2 y me movi hasta la posicion (3, 8) de un pokemon.
[INFO] 02:21:13:873 Log de team/(14373:14392): Soy el entrenador 3 y me movi hasta la posicion (6, 5) de un pokemon.
[INFO] 02:21:13:875 Log de team/(14373:14388): Soy el entrenador 1 y me movi hasta la posicion (2, 2) de un pokemon.
[INFO] 02:21:58:738 Log de team/(14373:14390): Soy el entrenador 2 y me movi hasta la posicion (3, 9) de un pokemon.
[INFO] 02:30:43:987 Log de team/(14564:14620): Soy el entrenador 2 y me movi hasta la posicion (3, 8) de un pokemon.
[INFO] 02:30:43:998 Log de team/(14564:14621): Soy el entrenador 3 y me movi hasta la posicion (6, 5) de un pokemon.
[INFO] 02:30:43:999 Log de team/(14564:14619): Soy el entrenador 1 y me movi hasta la posicion (2, 2) de un pokemon.
[INFO] 02:31:10:735 Log de team/(14564:14620): Soy el entrenador 2 y me movi hasta la posicion (3, 9) de un pokemon.
[INFO] 02:35:23:977 Log de team/(14760:14786): Soy el entrenador 2 y me movi hasta la posicion (3, 8) de un pokemon.
[INFO] 02:35:24:38 Log de team/(14760:14789): Soy el entrenador 3 y me movi hasta la posicion (6, 5) de un pokemon.
[INFO] 02:35:24:40 Log de team/(14760:14785): Soy el entrenador 1 y me movi hasta la posicion (2, 2) de un pokemon.
[INFO] 02:35:44:568 Log de team/(14760:14786): Soy el entrenador 2 y me movi hasta la posicion (3, 9) de un pokemon.
[INFO] 02:57:12:400 Log de team/(15475:15497): Soy el entrenador 2 y me movi hasta la posicion (3, 8) de un pokemon.
[INFO] 02:57:12:424 Log de team/(15475:15498): Soy el entrenador 3 y me movi hasta la posicion (6, 5) de un pokemon.
[INFO] 02:57:12:427 Log de team/(15475:15495): Soy el entrenador 1 y me movi hasta la posicion (2, 2) de un pokemon.
[INFO] 02:57:26:440 Log de team/(15475:15497): Soy el entrenador 2 y me movi hasta la posicion (3, 9) de un pokemon.
[INFO] 03:03:53:263 Log de team/(15777:15791): Soy el entrenador 2 y me movi hasta la posicion (3, 8) de un pokemon.
[INFO] 03:03:53:278 Log de team/(15777:15792): Soy el entrenador 3 y me movi hasta la posicion (6, 5) de un pokemon.
[INFO] 03:03:53:278 Log de team/(15777:15790): Soy el entrenador 1 y me movi hasta la posicion (2, 2) de un pokemon.
[INFO] 03:04:20:249 Log de team/(14608:15818): Soy el entrenador 2 y me movi hasta la posicion (3, 8) de un pokemon.
[INFO] 03:04:20:251 Log de team/(14608:15820): Soy el entrenador 3 y me movi hasta la posicion (6, 5) de un pokemon.
[INFO] 03:04:20:253 Log de team/(14608:15817): Soy el entrenador 1 y me movi hasta la posicion (2, 2) de un pokemon.
[INFO] 03:04:34:315 Log de team/(14608:15818): Soy el entrenador 2 y me movi hasta la posicion (3, 9) de un pokemon.
[INFO] 03:06:11:622 Log de team/(14608:14608): Empieza a solucionar deadlock.
[INFO] 05:28:44:269 Log de team/(20704:20720): Soy el entrenador 2 y me movi hasta la posicion (9, 9) de un pokemon.
[INFO] 01:42:45:500 Log de team/(9345:9357): Soy el entrenador 2 y me movi hasta la posicion (9, 9) de un pokemon.
[INFO] 01:43:16:842 Log de team/(9345:9359): Soy el entrenador 3 y me movi hasta la posicion (6, 7) de un pokemon.
[INFO] 01:43:23:851 Log de team/(9345:9356): Soy el entrenador 1 y me movi hasta la posicion (2, 8) de un pokemon.
[INFO] 01:43:29:869 Log de team/(9345:9357): Soy el entrenador 2 y me movi hasta la posicion (6, 6) de un pokemon.
[INFO] 01:43:32:880 Log de team/(9345:9359): Soy el entrenador 3 y me movi hasta la posicion (5, 5) de un pokemon.
[INFO] 01:44:47:888 Log de team/(9412:9425): Soy el entrenador 2 y me movi hasta la posicion (9, 9) de un pokemon.
[INFO] 01:44:55:900 Log de team/(9412:9427): Soy el entrenador 3 y me movi hasta la posicion (6, 7) de un pokemon.
[INFO] 01:45:02:920 Log de team/(9412:9423): Soy el entrenador 1 y me movi hasta la posicion (2, 8) de un pokemon.
[INFO] 01:45:08:941 Log de team/(9412:9425): Soy el entrenador 2 y me movi hasta la posicion (6, 6) de un pokemon.
[INFO] 01:45:11:976 Log de team/(9412:9427): Soy el entrenador 3 y me movi hasta la posicion (5, 5) de un pokemon.
[INFO] 03:06:54:787 Log de team/(11279:11297): Soy el entrenador 2 y me movi hasta la posicion (9, 9) de un pokemon.
[INFO] 03:28:44:736 Log de team/(12426:12441): Soy el entrenador 2 y me movi hasta la posicion (9, 9) de un pokemon.
[INFO] 03:28:50:771 Log de team/(12426:12439): Soy el entrenador 1 y me movi hasta la posicion (2, 8) de un pokemon.
[INFO] 03:31:10:958 Log de team/(12492:12515): Soy el entrenador 2 y me movi hasta la posicion (9, 9) de un pokemon.
[INFO] 03:31:16:966 Log de team/(12492:12513): Soy el entrenador 1 y me movi hasta la posicion (2, 8) de un pokemon.
[INFO] 04:15:38:732 Log de team/(13620:13633): Soy el entrenador 2 y me movi hasta la posicion (9, 9) de un pokemon.
[INFO] 04:15:44:745 Log de team/(13620:13632): Soy el entrenador 1 y me movi hasta la posicion (2, 8) de un pokemon.
[INFO] 04:15:52:783 Log de team/(13620:13634): Soy el entrenador 3 y me movi hasta la posicion (6, 7) de un pokemon.
[INFO] 04:15:55:939 Log de team/(13620:13634): Soy el entrenador 3 y me movi hasta la posicion (5, 5) de un pokemon.
[INFO] 04:16:02:63 Log de team/(13620:13633): Soy el entrenador 2 y me movi hasta la posicion (6, 6) de un pokemon.
[INFO] 04:16:02:64 Log de team/(13620:13620): Empieza a solucionar deadlock.
[INFO] 04:16:02:65 Log de team/(13620:13634): Se detecto deadlock entre entrenador 3 y 1
[INFO] 04:16:52:309 Log de team/(13620:13634): Soy el entrenador 3 y me movi hasta la posicion (2, 8) de un entrenador.
[INFO] 04:30:26:514 Log de team/(14101:14121): Soy el entrenador 2 y me movi hasta la posicion (9, 9) de un pokemon.
[INFO] 04:30:32:537 Log de team/(14101:14120): Soy el entrenador 1 y me movi hasta la posicion (2, 8) de un pokemon.
[INFO] 04:30:40:545 Log de team/(14101:14122): Soy el entrenador 3 y me movi hasta la posicion (6, 7) de un pokemon.
[INFO] 04:30:43:550 Log de team/(14101:14122): Soy el entrenador 3 y me movi hasta la posicion (5, 5) de un pokemon.
[INFO] 04:30:49:583 Log de team/(14101:14121): Soy el entrenador 2 y me movi hasta la posicion (6, 6) de un pokemon.
[INFO] 04:30:49:584 Log de team/(14101:14101): Empieza a solucionar deadlock.
[INFO] 04:30:49:585 Log de team/(14101:14122): Se detecto deadlock entre entrenador 3 y 1
[INFO] 04:31:18:576 Log de team/(14101:14122): Soy el entrenador 3 y me movi hasta la posicion (2, 8) de un entrenador.
[INFO] 07:15:45:912 Log de team/(19477:19495): Soy el entrenador 2 y me movi hasta la posicion (9, 9) de un pokemon.
[INFO] 07:15:51:952 Log de team/(19477:19493): Soy el entrenador 1 y me movi hasta la posicion (2, 8) de un pokemon.
[INFO] 07:15:56:969 Log de team/(19477:19497): Soy el entrenador 3 y me movi hasta la posicion (5, 5) de un pokemon.
[INFO] 07:18:28:796 Log de team/(19567:19578): Soy el entrenador 1 y me movi hasta la posicion (0, 0) de un pokemon.
[INFO] 07:18:33:800 Log de team/(19567:19580): Soy el entrenador 2 y me movi hasta la posicion (2, 8) de un pokemon.
[INFO] 07:18:40:824 Log de team/(19567:19581): Soy el entrenador 3 y me movi hasta la posicion (6, 6) de un pokemon.
[INFO] 07:18:46:833 Log de team/(19567:19580): Soy el entrenador 2 y me movi hasta la posicion (5, 5) de un pokemon.
[INFO] 07:21:48:850 Log de team/(19719:19743): Soy el entrenador 2 y me movi hasta la posicion (9, 9) de un pokemon.
[INFO] 07:21:56:890 Log de team/(19719:19744): Soy el entrenador 3 y me movi hasta la posicion (6, 7) de un pokemon.
[INFO] 07:22:02:903 Log de team/(19719:19742): Soy el entrenador 1 y me movi hasta la posicion (2, 8) de un pokemon.
[INFO] 07:22:05:908 Log de team/(19719:19744): Soy el entrenador 3 y me movi hasta la posicion (5, 5) de un pokemon.
[INFO] 07:22:11:929 Log de team/(19719:19743): Soy el entrenador 2 y me movi hasta la posicion (6, 6) de un pokemon.
[INFO] 07:22:11:930 Log de team/(19719:19719): Empieza a solucionar deadlock.
[INFO] 07:22:11:930 Log de team/(19719:19742): Se detecto deadlock entre entrenador 1 y 3
[INFO] 07:22:24:482 Log de team/(19719:19742): Soy el entrenador 1 y me movi hasta la posicion (5, 5) de un entrenador.
[INFO] 07:26:05:926 Log de team/(19850:19873): Soy el entrenador 2 y me movi hasta la posicion (9, 9) de un pokemon.
[INFO] 07:26:13:989 Log de team/(19850:19874): Soy el entrenador 3 y me movi hasta la posicion (6, 7) de un pokemon.
[INFO] 07:26:19:999 Log de team/(19850:19870): Soy el entrenador 1 y me movi hasta la posicion (2, 8) de un pokemon.
[INFO] 07:26:23:31 Log de team/(19850:19874): Soy el entrenador 3 y me movi hasta la posicion (5, 5) de un pokemon.
[INFO] 07:26:29:90 Log de team/(19850:19873): Soy el entrenador 2 y me movi hasta la posicion (6, 6) de un pokemon.
[INFO] 07:26:29:91 Log de team/(19850:19850): Empieza a solucionar deadlock.
[INFO] 07:26:29:92 Log de team/(19850:19870): Se detecto deadlock entre entrenador 1 y 3
[INFO] 07:26:39:38 Log de team/(19850:19870): Soy el entrenador 1 y me movi hasta la posicion (5, 5) de un entrenador.
[INFO] 07:29:54:252 Log de team/(20054:20066): Soy el entrenador 2 y me movi hasta la posicion (9, 9) de un pokemon.
[INFO] 07:30:02:284 Log de team/(20054:20067): Soy el entrenador 3 y me movi hasta la posicion (6, 7) de un pokemon.
[INFO] 07:30:08:318 Log de team/(20054:20065): Soy el entrenador 1 y me movi hasta la posicion (2, 8) de un pokemon.
[INFO] 07:30:11:330 Log de team/(20054:20067): Soy el entrenador 3 y me movi hasta la posicion (5, 5) de un pokemon.
[INFO] 07:30:17:377 Log de team/(20054:20066): Soy el entrenador 2 y me movi hasta la posicion (6, 6) de un pokemon.
[INFO] 07:30:17:378 Log de team/(20054:20054): Empieza a solucionar deadlock.
[INFO] 07:30:17:379 Log de team/(20054:20065): Se detecto deadlock entre entrenador 1 y 3
[INFO] 07:30:27:21 Log de team/(20054:20065): Soy el entrenador 1 y me movi hasta la posicion (5, 5) de un entrenador.
[INFO] 01:27:46:282 Log de team/(13961:13982): Soy el entrenador 1 y me movi hasta la posicion (2, 2) de un pokemon.
[INFO] 01:27:53:350 Log de team/(13961:13985): Soy el entrenador 4 y me movi hasta la posicion (7, 1) de un pokemon.
[INFO] 01:27:53:350 Log de team/(13961:13986): Soy el entrenador 5 y me movi hasta la posicion (4, 10) de un pokemon.
[INFO] 01:27:53:350 Log de team/(13961:13984): Soy el entrenador 3 y me movi hasta la posicion (10, 6) de un pokemon.
[INFO] 01:29:08:574 Log de team/(14055:14062): Soy el entrenador 1 y me movi hasta la posicion (2, 2) de un pokemon.
[INFO] 01:29:16:635 Log de team/(14055:14063): Soy el entrenador 2 y me movi hasta la posicion (4, 6) de un pokemon.
[INFO] 01:29:17:637 Log de team/(14055:14067): Soy el entrenador 4 y me movi hasta la posicion (7, 1) de un pokemon.
[INFO] 01:29:17:638 Log de team/(14055:14069): Soy el entrenador 5 y me movi hasta la posicion (4, 10) de un pokemon.
[INFO] 01:29:17:639 Log de team/(14055:14064): Soy el entrenador 3 y me movi hasta la posicion (10, 6) de un pokemon.
[INFO] 01:29:17:642 Log de team/(14055:14062): Se detecto deadlock entre entrenador 1 y 5
[INFO] 01:29:27:681 Log de team/(14055:14062): Soy el entrenador 1 y me movi hasta la posicion (4, 10) de un entrenador.
[INFO] 01:59:20:44 Log de team/(14814:14830): Soy el entrenador 1 y me movi hasta la posicion (2, 2) de un pokemon.
[INFO] 01:59:28:109 Log de team/(14814:14831): Soy el entrenador 2 y me movi hasta la posicion (4, 6) de un pokemon.
[INFO] 01:59:29:112 Log de team/(14814:14835): Soy el entrenador 4 y me movi hasta la posicion (7, 1) de un pokemon.
[INFO] 01:59:29:113 Log de team/(14814:14837): Soy el entrenador 5 y me movi hasta la posicion (4, 10) de un pokemon.
[INFO] 01:59:29:114 Log de team/(14814:14832): Soy el entrenador 3 y me movi hasta la posicion (10, 6) de un pokemon.
[INFO] 01:59:29:122 Log de team/(14814:14830): Se detecto deadlock entre entrenador 1 y 5
[INFO] 01:59:39:135 Log de team/(14814:14830): Soy el entrenador 1 y me movi hasta la posicion (4, 10) de un entrenador.
[INFO] 04:34:18:677 Log de team/(17635:17653): Soy el entrenador 1 y me movi hasta la posicion (2, 2) de un pokemon.
[INFO] 04:34:26:743 Log de team/(17635:17654): Soy el entrenador 2 y me movi hasta la posicion (4, 6) de un pokemon.
[INFO] 04:34:27:746 Log de team/(17635:17656): Soy el entrenador 4 y me movi hasta la posicion (7, 1) de un pokemon.
[INFO] 04:34:27:747 Log de team/(17635:17657): Soy el entrenador 5 y me movi hasta la posicion (4, 10) de un pokemon.
[INFO] 04:34:27:747 Log de team/(17635:17655): Soy el entrenador 3 y me movi hasta la posicion (10, 6) de un pokemon.
[INFO] 04:34:27:750 Log de team/(17635:17635): SE DETECTO DEADLOCK ENTRE:
[INFO] 04:34:27:750 Log de team/(17635:17635): 1)
[INFO] 04:34:27:750 Log de team/(17635:17635): 5)
[INFO] 04:34:27:750 Log de team/(17635:17635): 4)
[INFO] 04:34:27:751 Log de team/(17635:17635): 3)
[INFO] 04:34:27:751 Log de team/(17635:17635): 2)
[INFO] 04:34:27:751 Log de team/(17635:17653): Se detecto deadlock entre entrenador 1 y 5
[INFO] 04:34:37:794 Log de team/(17635:17653): Soy el entrenador 1 y me movi hasta la posicion (4, 10) de un entrenador.
[INFO] 04:34:37:794 Log de team/(17635:17653): Soy el entrenador 1, intercambio con entrenador 5. Le doy a Jolteon y me da a Vaporeon.
[INFO] 04:34:37:794 Log de team/(17635:17635): Entrenador 1 resolvio deadlock
[INFO] 04:34:37:795 Log de team/(17635:17635): Entrenador 1 resolvio deadlock
[INFO] 04:34:37:795 Log de team/(17635:17635): Entrenador 1 resolvio deadlock
[INFO] 04:34:37:795 Log de team/(17635:17635): Entrenador 1 resolvio deadlock
[INFO] 04:34:37:796 Log de team/(17635:17635): Entrenador 1 resolvio deadlock
[INFO] 04:35:34:588 Log de team/(17635:17653): Entrenador 1 resolvio deadlock
[INFO] 04:36:27:98 Log de team/(17635:17654): Se detecto deadlock entre entrenador 2 y 5
[INFO] 04:36:44:578 Log de team/(17635:17654): Soy el entrenador 2 y me movi hasta la posicion (4, 10) de un entrenador.
[INFO] 04:36:44:578 Log de team/(17635:17654): Soy el entrenador 2, intercambio con entrenador 5. Le doy a Flareon y me da a Jolteon.
[INFO] 04:36:44:579 Log de team/(17635:17635): Entrenador 2 resolvio deadlock
[INFO] 04:36:44:579 Log de team/(17635:17635): Entrenador 2 resolvio deadlock
[INFO] 04:36:44:579 Log de team/(17635:17635): Entrenador 2 resolvio deadlock
[INFO] 04:36:44:579 Log de team/(17635:17635): Entrenador 2 resolvio deadlock
[INFO] 04:36:44:580 Log de team/(17635:17635): Entrenador 2 resolvio deadlock
[INFO] 04:37:11:259 Log de team/(17635:17654): Entrenador 2 resolvio deadlock
[INFO] 04:43:55:646 Log de team/(18070:18084): Soy el entrenador 1 y me movi hasta la posicion (2, 2) de un pokemon.
[INFO] 04:44:03:713 Log de team/(18070:18086): Soy el entrenador 2 y me movi hasta la posicion (4, 6) de un pokemon.
[INFO] 04:44:04:715 Log de team/(18070:18089): Soy el entrenador 4 y me movi hasta la posicion (7, 1) de un pokemon.
[INFO] 04:44:04:716 Log de team/(18070:18091): Soy el entrenador 5 y me movi hasta la posicion (4, 10) de un pokemon.
[INFO] 04:44:04:716 Log de team/(18070:18087): Soy el entrenador 3 y me movi hasta la posicion (10, 6) de un pokemon.
[INFO] 04:44:04:719 Log de team/(18070:18070): SE DETECTO DEADLOCK ENTRE:
[INFO] 04:44:04:719 Log de team/(18070:18070): 1)
[INFO] 04:44:04:719 Log de team/(18070:18070): 5)
[INFO] 04:44:04:719 Log de team/(18070:18070): 4)
[INFO] 04:44:04:719 Log de team/(18070:18070): 3)
[INFO] 04:44:04:719 Log de team/(18070:18070): 2)
[INFO] 04:44:04:720 Log de team/(18070:18084): Se detecto deadlock entre entrenador 1 y 5
[INFO] 04:44:14:732 Log de team/(18070:18084): Soy el entrenador 1 y me movi hasta la posicion (4, 10) de un entrenador.
[INFO] 04:44:14:732 Log de team/(18070:18084): Soy el entrenador 1, intercambio con entrenador 5. Le doy a Jolteon y me da a Vaporeon.
[INFO] 04:44:36:612 Log de team/(18070:18070): Entrenador 1 resolvio deadlock
[INFO] 04:44:51:213 Log de team/(18070:18070): Entrenador 1 resolvio deadlock
[INFO] 04:44:56:786 Log de team/(18070:18070): Entrenador 1 resolvio deadlock
[INFO] 04:45:02:247 Log de team/(18070:18070): Entrenador 1 resolvio deadlock
[INFO] 04:45:06:669 Log de team/(18070:18070): Entrenador 1 resolvio deadlock
[INFO] 04:45:24:205 Log de team/(18070:18084): Entrenador 1 resolvio deadlock
[INFO] 04:45:31:91 Log de team/(18070:18086): Se detecto deadlock entre entrenador 2 y 5
[INFO] 04:45:39:786 Log de team/(18070:18086): Soy el entrenador 2 y me movi hasta la posicion (4, 10) de un entrenador.
[INFO] 04:45:39:786 Log de team/(18070:18086): Soy el entrenador 2, intercambio con entrenador 5. Le doy a Flareon y me da a Jolteon.
[INFO] 04:46:02:17 Log de team/(18070:18070): Entrenador 2 resolvio deadlock
[INFO] 04:46:15:146 Log de team/(18070:18070): Entrenador 2 resolvio deadlock
