[INFO] 20:43:52:0 Log de team/(12046:12046): Soy un log
[INFO] 20:46:59:616 Log de team/(12242:12242): Soy un log
[INFO] 20:48:07:254 Log de team/(12287:12287): Soy un log
[INFO] 20:48:16:212 Log de team/(12290:12290): Soy un log
[INFO] 21:14:17:618 Log de team/(13254:13254): Soy un log
[INFO] 21:14:55:427 Log de team/(13315:13315): Soy un log
[INFO] 23:51:57:178 Log de team/(22204:22207): Soy el entrenador 3 y me movi hasta la posicion (4, 5) de un pokemon.
[INFO] 23:51:57:192 Log de team/(22204:22206): Soy el entrenador 2 y me movi hasta la posicion (1, 8) de un pokemon.
[INFO] 23:51:57:193 Log de team/(22204:22205): Soy el entrenador 1 y me movi hasta la posicion (6, 2) de un pokemon.
[INFO] 23:52:17:195 Log de team/(22204:22206): Soy el entrenador 2 y me movi hasta la posicion (9, 2) de un pokemon.
[INFO] 23:52:29:744 Log de team/(22204:22204): Empieza a solucionar deadlock.
[INFO] 23:52:29:745 Log de team/(22204:22207): Se detecto deadlock entre entrenador 3 y 1
[INFO] 23:52:29:745 Log de team/(22204:22207): Soy el entrenador 3 y me movi hasta la posicion (6, 2) de un entrenador.
[INFO] 23:52:29:745 Log de team/(22204:22207): Soy el entrenador 3, intercambio con entrenador 1. Le doy a Pikachu y me da a Squirtle.
[INFO] 23:52:29:745 Log de team/(22204:22204): Empieza a solucionar deadlock.
[INFO] 23:52:29:745 Log de team/(22204:22204): Soy el ultimo entrenador de deadlock por lo tanto ya tengo todos los que necesito.
[INFO] 23:52:29:746 Log de team/(22204:22204): Ciclos totales 33.
[INFO] 18:55:09:227 Log de team/(9552:9558): Soy el entrenador 2 y me movi hasta la posicion (2, 6) de un pokemon.
[INFO] 18:55:09:274 Log de team/(9552:9557): Soy el entrenador 1 y me movi hasta la posicion (1, 8) de un pokemon.
[INFO] 18:55:09:277 Log de team/(9552:9559): Soy el entrenador 3 y me movi hasta la posicion (9, 2) de un pokemon.
[INFO] 19:01:43:509 Log de team/(13309:13316): Soy el entrenador 3 y me movi hasta la posicion (4, 5) de un pokemon.
[INFO] 19:01:43:521 Log de team/(13309:13315): Soy el entrenador 2 y me movi hasta la posicion (2, 6) de un pokemon.
[INFO] 19:01:43:524 Log de team/(13309:13314): Soy el entrenador 1 y me movi hasta la posicion (1, 8) de un pokemon.
[INFO] 19:03:02:656 Log de team/(13309:13315): Soy el entrenador 2 y me movi hasta la posicion (9, 2) de un pokemon.
[INFO] 19:03:20:522 Log de team/(13309:13309): Empieza a solucionar deadlock.
[INFO] 19:03:20:522 Log de team/(13309:13316): Se detecto deadlock entre entrenador 3 y 2
[INFO] 19:03:20:523 Log de team/(13309:13316): Soy el entrenador 3 y me movi hasta la posicion (9, 2) de un entrenador.
[INFO] 19:03:20:523 Log de team/(13309:13316): Soy el entrenador 3, intercambio con entrenador 2. Le doy a Pikachu y me da a Squirtle.
[INFO] 19:03:20:523 Log de team/(13309:13309): Empieza a solucionar deadlock.
[INFO] 19:03:20:523 Log de team/(13309:13314): Se detecto deadlock entre entrenador 1 y 2
[INFO] 19:03:20:524 Log de team/(13309:13314): Soy el entrenador 1 y me movi hasta la posicion (9, 2) de un entrenador.
[INFO] 19:03:20:524 Log de team/(13309:13314): Soy el entrenador 1, intercambio con entrenador 2. Le doy a Charmander y me da a Pikachu.
[INFO] 19:03:20:524 Log de team/(13309:13309): Empieza a solucionar deadlock.
[INFO] 19:03:20:524 Log de team/(13309:13309): Soy el ultimo entrenador de deadlock por lo tanto ya tengo todos los que necesito.
[INFO] 19:03:20:525 Log de team/(13309:13309): Ciclos totales 52.
[INFO] 19:07:06:303 Log de team/(13516:13523): Soy el entrenador 3 y me movi hasta la posicion (4, 5) de un pokemon.
[INFO] 19:07:06:306 Log de team/(13516:13522): Soy el entrenador 2 y me movi hasta la posicion (2, 6) de un pokemon.
[INFO] 19:07:06:308 Log de team/(13516:13521): Soy el entrenador 1 y me movi hasta la posicion (1, 8) de un pokemon.
[INFO] 19:07:19:565 Log de team/(13516:13522): Soy el entrenador 2 y me movi hasta la posicion (9, 2) de un pokemon.
[INFO] 19:07:26:180 Log de team/(13516:13516): Empieza a solucionar deadlock.
[INFO] 19:07:26:180 Log de team/(13516:13523): Se detecto deadlock entre entrenador 3 y 2
[INFO] 19:07:26:180 Log de team/(13516:13523): Soy el entrenador 3 y me movi hasta la posicion (9, 2) de un entrenador.
[INFO] 19:07:26:180 Log de team/(13516:13523): Soy el entrenador 3, intercambio con entrenador 2. Le doy a Pikachu y me da a Squirtle.
[INFO] 19:07:26:181 Log de team/(13516:13516): Empieza a solucionar deadlock.
[INFO] 19:07:26:181 Log de team/(13516:13521): Se detecto deadlock entre entrenador 1 y 2
[INFO] 19:07:26:182 Log de team/(13516:13521): Soy el entrenador 1 y me movi hasta la posicion (9, 2) de un entrenador.
[INFO] 19:07:26:182 Log de team/(13516:13521): Soy el entrenador 1, intercambio con entrenador 2. Le doy a Charmander y me da a Pikachu.
[INFO] 19:07:26:184 Log de team/(13516:13516): Empieza a solucionar deadlock.
[INFO] 19:07:26:184 Log de team/(13516:13516): Soy el ultimo entrenador de deadlock por lo tanto ya tengo todos los que necesito.
[INFO] 19:07:26:186 Log de team/(13516:13516): Ciclos totales 52.
[INFO] 19:18:30:5 Log de team/(13849:13857): Soy el entrenador 3 y me movi hasta la posicion (4, 5) de un pokemon.
[INFO] 19:18:31:13 Log de team/(13849:13856): Soy el entrenador 2 y me movi hasta la posicion (2, 6) de un pokemon.
[INFO] 19:18:31:16 Log de team/(13849:13855): Soy el entrenador 1 y me movi hasta la posicion (1, 8) de un pokemon.
[INFO] 19:21:02:549 Log de team/(13930:13937): Soy el entrenador 3 y me movi hasta la posicion (4, 5) de un pokemon.
[INFO] 19:21:02:553 Log de team/(13930:13936): Soy el entrenador 2 y me movi hasta la posicion (2, 6) de un pokemon.
[INFO] 19:21:02:555 Log de team/(13930:13935): Soy el entrenador 1 y me movi hasta la posicion (1, 8) de un pokemon.
[INFO] 19:26:31:906 Log de team/(14297:14304): Soy el entrenador 3 y me movi hasta la posicion (4, 5) de un pokemon.
[INFO] 19:26:31:909 Log de team/(14297:14303): Soy el entrenador 2 y me movi hasta la posicion (2, 6) de un pokemon.
[INFO] 19:26:31:912 Log de team/(14297:14302): Soy el entrenador 1 y me movi hasta la posicion (1, 8) de un pokemon.
[INFO] 19:27:19:159 Log de team/(14394:14397): Soy el entrenador 3 y me movi hasta la posicion (4, 5) de un pokemon.
[INFO] 19:27:19:162 Log de team/(14394:14396): Soy el entrenador 2 y me movi hasta la posicion (1, 8) de un pokemon.
[INFO] 19:27:19:165 Log de team/(14394:14395): Soy el entrenador 1 y me movi hasta la posicion (6, 2) de un pokemon.
[INFO] 20:08:59:308 Log de team/(16613:16620): Soy el entrenador 3 y me movi hasta la posicion (4, 5) de un pokemon.
[INFO] 20:08:59:338 Log de team/(16613:16619): Soy el entrenador 2 y me movi hasta la posicion (1, 8) de un pokemon.
[INFO] 20:08:59:340 Log de team/(16613:16618): Soy el entrenador 1 y me movi hasta la posicion (6, 2) de un pokemon.
[INFO] 20:09:18:51 Log de team/(16613:16619): Soy el entrenador 2 y me movi hasta la posicion (9, 2) de un pokemon.
[INFO] 20:09:39:95 Log de team/(16613:16613): Empieza a solucionar deadlock.
[INFO] 20:09:39:95 Log de team/(16613:16620): Se detecto deadlock entre entrenador 3 y 1
[INFO] 20:09:39:95 Log de team/(16613:16620): Soy el entrenador 3 y me movi hasta la posicion (6, 2) de un entrenador.
[INFO] 20:09:39:95 Log de team/(16613:16620): Soy el entrenador 3, intercambio con entrenador 1. Le doy a Pikachu y me da a Squirtle.
[INFO] 20:09:39:96 Log de team/(16613:16613): Empieza a solucionar deadlock.
[INFO] 20:09:39:96 Log de team/(16613:16613): Soy el ultimo entrenador de deadlock por lo tanto ya tengo todos los que necesito.
[INFO] 20:09:39:96 Log de team/(16613:16613): Ciclos totales 33.
[INFO] 20:27:52:207 Log de team/(16970:16977): Soy el entrenador 3 y me movi hasta la posicion (4, 5) de un pokemon.
[INFO] 20:27:52:210 Log de team/(16970:16976): Soy el entrenador 2 y me movi hasta la posicion (1, 8) de un pokemon.
[INFO] 20:27:52:214 Log de team/(16970:16975): Soy el entrenador 1 y me movi hasta la posicion (6, 2) de un pokemon.
[INFO] 20:28:02:629 Log de team/(16970:16976): Soy el entrenador 2 y me movi hasta la posicion (9, 2) de un pokemon.
[INFO] 20:43:51:634 Log de team/(17288:17295): Soy el entrenador 3 y me movi hasta la posicion (4, 5) de un pokemon.
[INFO] 20:43:51:638 Log de team/(17288:17294): Soy el entrenador 2 y me movi hasta la posicion (1, 8) de un pokemon.
[INFO] 20:43:51:649 Log de team/(17288:17293): Soy el entrenador 1 y me movi hasta la posicion (6, 2) de un pokemon.
[INFO] 20:44:01:285 Log de team/(17288:17294): Soy el entrenador 2 y me movi hasta la posicion (9, 2) de un pokemon.
[INFO] 20:47:01:40 Log de team/(19891:19898): Soy el entrenador 3 y me movi hasta la posicion (4, 5) de un pokemon.
[INFO] 20:47:01:45 Log de team/(19891:19897): Soy el entrenador 2 y me movi hasta la posicion (1, 8) de un pokemon.
[INFO] 20:47:01:49 Log de team/(19891:19896): Soy el entrenador 1 y me movi hasta la posicion (6, 2) de un pokemon.
[INFO] 20:47:06:631 Log de team/(19891:19897): Soy el entrenador 2 y me movi hasta la posicion (9, 2) de un pokemon.
[INFO] 21:04:33:533 Log de team/(20653:20660): Soy el entrenador 3 y me movi hasta la posicion (4, 5) de un pokemon.
[INFO] 21:04:33:564 Log de team/(20653:20659): Soy el entrenador 2 y me movi hasta la posicion (1, 8) de un pokemon.
[INFO] 21:04:33:567 Log de team/(20653:20658): Soy el entrenador 1 y me movi hasta la posicion (6, 2) de un pokemon.
[INFO] 21:04:48:304 Log de team/(20653:20659): Soy el entrenador 2 y me movi hasta la posicion (9, 2) de un pokemon.
[INFO] 00:25:42:414 Log de team/(22749:22756): Soy el entrenador 3 y me movi hasta la posicion (4, 5) de un pokemon.
[INFO] 00:25:42:423 Log de team/(22749:22755): Soy el entrenador 2 y me movi hasta la posicion (1, 8) de un pokemon.
[INFO] 00:25:42:443 Log de team/(22749:22754): Soy el entrenador 1 y me movi hasta la posicion (6, 2) de un pokemon.
[INFO] 00:26:38:58 Log de team/(22749:22755): Soy el entrenador 2 y me movi hasta la posicion (9, 2) de un pokemon.
[INFO] 00:55:28:292 Log de team/(23538:23545): Soy el entrenador 3 y me movi hasta la posicion (4, 5) de un pokemon.
[INFO] 00:55:28:323 Log de team/(23538:23544): Soy el entrenador 2 y me movi hasta la posicion (1, 8) de un pokemon.
[INFO] 00:55:28:327 Log de team/(23538:23543): Soy el entrenador 1 y me movi hasta la posicion (6, 2) de un pokemon.
[INFO] 00:55:50:719 Log de team/(23538:23544): Soy el entrenador 2 y me movi hasta la posicion (9, 2) de un pokemon.
[INFO] 00:58:36:931 Log de team/(23657:23664): Soy el entrenador 3 y me movi hasta la posicion (4, 5) de un pokemon.
[INFO] 00:58:36:934 Log de team/(23657:23663): Soy el entrenador 2 y me movi hasta la posicion (1, 8) de un pokemon.
[INFO] 00:58:36:937 Log de team/(23657:23662): Soy el entrenador 1 y me movi hasta la posicion (6, 2) de un pokemon.
[INFO] 01:05:14:812 Log de team/(23878:23885): Soy el entrenador 3 y me movi hasta la posicion (4, 5) de un pokemon.
[INFO] 01:05:14:819 Log de team/(23878:23884): Soy el entrenador 2 y me movi hasta la posicion (1, 8) de un pokemon.
[INFO] 01:05:14:831 Log de team/(23878:23883): Soy el entrenador 1 y me movi hasta la posicion (6, 2) de un pokemon.
[INFO] 01:05:24:388 Log de team/(23878:23884): Soy el entrenador 2 y me movi hasta la posicion (9, 2) de un pokemon.
[INFO] 01:17:54:98 Log de team/(24378:24385): Soy el entrenador 3 y me movi hasta la posicion (4, 5) de un pokemon.
[INFO] 01:17:54:127 Log de team/(24378:24384): Soy el entrenador 2 y me movi hasta la posicion (1, 8) de un pokemon.
[INFO] 01:17:54:131 Log de team/(24378:24383): Soy el entrenador 1 y me movi hasta la posicion (6, 2) de un pokemon.
[INFO] 01:18:03:387 Log de team/(24378:24384): Soy el entrenador 2 y me movi hasta la posicion (9, 2) de un pokemon.
[INFO] 01:20:19:594 Log de team/(24504:24511): Soy el entrenador 3 y me movi hasta la posicion (4, 5) de un pokemon.
[INFO] 01:20:19:597 Log de team/(24504:24510): Soy el entrenador 2 y me movi hasta la posicion (1, 8) de un pokemon.
[INFO] 01:20:19:600 Log de team/(24504:24509): Soy el entrenador 1 y me movi hasta la posicion (6, 2) de un pokemon.
[INFO] 01:20:27:969 Log de team/(24504:24510): Soy el entrenador 2 y me movi hasta la posicion (9, 2) de un pokemon.
[INFO] 01:20:51:828 Log de team/(24504:24510): Soy el entrenador 2 y me movi hasta la posicion (9, 2) de un pokemon.
[INFO] 01:21:11:278 Log de team/(24504:24504): Empieza a solucionar deadlock.
[INFO] 01:21:11:278 Log de team/(24504:24511): Se detecto deadlock entre entrenador 3 y 1
[INFO] 01:21:11:279 Log de team/(24504:24511): Soy el entrenador 3 y me movi hasta la posicion (6, 2) de un entrenador.
[INFO] 01:21:11:279 Log de team/(24504:24511): Soy el entrenador 3, intercambio con entrenador 1. Le doy a Pikachu y me da a Squirtle.
[INFO] 01:21:11:279 Log de team/(24504:24504): Empieza a solucionar deadlock.
[INFO] 01:21:11:279 Log de team/(24504:24504): Soy el ultimo entrenador de deadlock por lo tanto ya tengo todos los que necesito.
[INFO] 01:21:11:279 Log de team/(24504:24504): Ciclos totales 33.
[INFO] 01:26:32:706 Log de team/(24581:24588): Soy el entrenador 3 y me movi hasta la posicion (4, 5) de un pokemon.
[INFO] 01:26:32:711 Log de team/(24581:24587): Soy el entrenador 2 y me movi hasta la posicion (1, 8) de un pokemon.
[INFO] 01:26:32:714 Log de team/(24581:24586): Soy el entrenador 1 y me movi hasta la posicion (6, 2) de un pokemon.
[INFO] 01:27:04:688 Log de team/(24581:24588): Soy el entrenador 3 y me movi hasta la posicion (9, 2) de un pokemon.
[INFO] 01:30:35:158 Log de team/(24581:24586): Soy el entrenador 1 y me movi hasta la posicion (3, 4) de un pokemon.
[INFO] 01:31:26:486 Log de team/(24581:24587): Soy el entrenador 2 y me movi hasta la posicion (12, 4) de un pokemon.
[INFO] 01:31:34:602 Log de team/(24581:24581): Empieza a solucionar deadlock.
[INFO] 01:31:34:602 Log de team/(24581:24588): Se detecto deadlock entre entrenador 3 y 1
[INFO] 01:31:34:602 Log de team/(24581:24588): Soy el entrenador 3 y me movi hasta la posicion (3, 4) de un entrenador.
[INFO] 01:31:34:603 Log de team/(24581:24588): Soy el entrenador 3, intercambio con entrenador 1. Le doy a Pikachu y me da a Squirtle.
[INFO] 01:31:34:603 Log de team/(24581:24581): Empieza a solucionar deadlock.
[INFO] 01:31:34:603 Log de team/(24581:24581): Soy el ultimo entrenador de deadlock por lo tanto ya tengo todos los que necesito.
[INFO] 01:31:34:603 Log de team/(24581:24581): Ciclos totales 50.
[INFO] 01:51:41:999 Log de team/(24847:24854): Soy el entrenador 3 y me movi hasta la posicion (4, 5) de un pokemon.
[INFO] 01:51:41:2 Log de team/(24847:24853): Soy el entrenador 2 y me movi hasta la posicion (1, 8) de un pokemon.
[INFO] 01:51:41:4 Log de team/(24847:24852): Soy el entrenador 1 y me movi hasta la posicion (6, 2) de un pokemon.
[INFO] 05:35:08:986 Log de team/(28655:28661): Soy el entrenador 3 y me movi hasta la posicion (4, 5) de un pokemon.
[INFO] 05:35:09:14 Log de team/(28655:28660): Soy el entrenador 2 y me movi hasta la posicion (1, 8) de un pokemon.
[INFO] 05:35:09:20 Log de team/(28655:28659): Soy el entrenador 1 y me movi hasta la posicion (6, 2) de un pokemon.
[INFO] 05:36:14:404 Log de team/(28655:28660): Soy el entrenador 2 y me movi hasta la posicion (9, 2) de un pokemon.
[INFO] 05:36:20:780 Log de team/(28655:28655): Empieza a solucionar deadlock.
[INFO] 05:36:20:781 Log de team/(28655:28659): Se detecto deadlock entre entrenador 1 y 3
[INFO] 05:36:20:781 Log de team/(28655:28659): Soy el entrenador 1 y me movi hasta la posicion (4, 5) de un entrenador.
[INFO] 05:36:20:781 Log de team/(28655:28659): Soy el entrenador 1, intercambio con entrenador 3. Le doy a Squirtle y me da a Pikachu.
[INFO] 05:36:20:781 Log de team/(28655:28655): Empieza a solucionar deadlock.
[INFO] 05:36:20:784 Log de team/(28655:28655): Soy el ultimo entrenador de deadlock por lo tanto ya tengo todos los que necesito.
[INFO] 05:36:20:784 Log de team/(28655:28655): Ciclos totales 33.
[INFO] 05:38:31:839 Log de team/(28741:28747): Soy el entrenador 3 y me movi hasta la posicion (4, 5) de un pokemon.
[INFO] 05:38:31:851 Log de team/(28741:28746): Soy el entrenador 2 y me movi hasta la posicion (5, 8) de un pokemon.
[INFO] 05:38:31:856 Log de team/(28741:28745): Soy el entrenador 1 y me movi hasta la posicion (6, 2) de un pokemon.
[INFO] 05:39:09:178 Log de team/(28741:28746): Soy el entrenador 2 y me movi hasta la posicion (1, 8) de un pokemon.
[INFO] 05:39:19:52 Log de team/(28741:28741): Empieza a solucionar deadlock.
[INFO] 05:39:19:52 Log de team/(28741:28747): Se detecto deadlock entre entrenador 3 y 1
[INFO] 05:39:19:53 Log de team/(28741:28747): Soy el entrenador 3 y me movi hasta la posicion (6, 2) de un entrenador.
[INFO] 05:39:19:53 Log de team/(28741:28747): Soy el entrenador 3, intercambio con entrenador 1. Le doy a Pikachu y me da a Squirtle.
[INFO] 05:39:19:53 Log de team/(28741:28741): Empieza a solucionar deadlock.
[INFO] 05:39:19:53 Log de team/(28741:28741): Soy el ultimo entrenador de deadlock por lo tanto ya tengo todos los que necesito.
[INFO] 05:39:19:54 Log de team/(28741:28741): Ciclos totales 23.
[INFO] 05:57:58:733 Log de team/(29311:29317): Soy el entrenador 3 y me movi hasta la posicion (4, 5) de un pokemon.
[INFO] 05:57:58:736 Log de team/(29311:29316): Soy el entrenador 2 y me movi hasta la posicion (5, 8) de un pokemon.
[INFO] 05:57:58:739 Log de team/(29311:29315): Soy el entrenador 1 y me movi hasta la posicion (6, 2) de un pokemon.
[INFO] 06:03:14:664 Log de team/(29519:29525): Soy el entrenador 3 y me movi hasta la posicion (4, 5) de un pokemon.
[INFO] 06:03:14:671 Log de team/(29519:29524): Soy el entrenador 2 y me movi hasta la posicion (1, 8) de un pokemon.
[INFO] 06:03:14:675 Log de team/(29519:29523): Soy el entrenador 1 y me movi hasta la posicion (6, 2) de un pokemon.
[INFO] 06:04:26:987 Log de team/(29552:29556): Soy el entrenador 1 y me movi hasta la posicion (1, 1) de un pokemon.
[INFO] 06:04:26:989 Log de team/(29552:29557): Soy el entrenador 2 y me movi hasta la posicion (1, 8) de un pokemon.
[INFO] 06:04:27:7 Log de team/(29552:29558): Soy el entrenador 3 y me movi hasta la posicion (6, 2) de un pokemon.
[INFO] 06:07:44:22 Log de team/(29694:29698): Soy el entrenador 1 y me movi hasta la posicion (1, 1) de un pokemon.
[INFO] 06:07:44:45 Log de team/(29694:29699): Soy el entrenador 2 y me movi hasta la posicion (1, 8) de un pokemon.
[INFO] 06:07:44:46 Log de team/(29694:29700): Soy el entrenador 3 y me movi hasta la posicion (6, 2) de un pokemon.
[INFO] 06:09:51:187 Log de team/(29825:29829): Soy el entrenador 1 y me movi hasta la posicion (1, 1) de un pokemon.
[INFO] 06:09:51:192 Log de team/(29825:29830): Soy el entrenador 2 y me movi hasta la posicion (1, 8) de un pokemon.
[INFO] 06:09:51:196 Log de team/(29825:29831): Soy el entrenador 3 y me movi hasta la posicion (6, 2) de un pokemon.
[INFO] 06:12:06:387 Log de team/(29930:29934): Soy el entrenador 1 y me movi hasta la posicion (1, 1) de un pokemon.
[INFO] 06:12:06:390 Log de team/(29930:29935): Soy el entrenador 2 y me movi hasta la posicion (1, 8) de un pokemon.
[INFO] 06:12:06:393 Log de team/(29930:29936): Soy el entrenador 3 y me movi hasta la posicion (6, 2) de un pokemon.
[INFO] 06:13:03:107 Log de team/(30024:30028): Soy el entrenador 1 y me movi hasta la posicion (1, 1) de un pokemon.
[INFO] 06:13:03:110 Log de team/(30024:30029): Soy el entrenador 2 y me movi hasta la posicion (1, 8) de un pokemon.
[INFO] 06:13:03:112 Log de team/(30024:30030): Soy el entrenador 3 y me movi hasta la posicion (6, 2) de un pokemon.
[INFO] 06:14:33:609 Log de team/(30140:30144): Soy el entrenador 1 y me movi hasta la posicion (1, 1) de un pokemon.
[INFO] 06:14:33:612 Log de team/(30140:30145): Soy el entrenador 2 y me movi hasta la posicion (1, 8) de un pokemon.
[INFO] 06:14:33:614 Log de team/(30140:30146): Soy el entrenador 3 y me movi hasta la posicion (6, 2) de un pokemon.
[INFO] 06:23:06:951 Log de team/(30508:30513): Soy el entrenador 1 y me movi hasta la posicion (1, 1) de un pokemon.
[INFO] 06:23:06:999 Log de team/(30508:30515): Soy el entrenador 3 y me movi hasta la posicion (4, 5) de un pokemon.
[INFO] 06:23:07:8 Log de team/(30508:30514): Soy el entrenador 2 y me movi hasta la posicion (1, 8) de un pokemon.
